2021-12-18 09:39:49.629 [background-preinit] INFO  org.hibernate.validator.internal.util.Version - HV000001: Hibernate Validator 6.1.7.Final
2021-12-18 09:39:52.414 [main] INFO  c.a.n.client.config.impl.LocalConfigInfoProcessor - LOCAL_SNAPSHOT_PATH:C:\Users\DELL\nacos\config
2021-12-18 09:39:52.497 [main] INFO  com.alibaba.nacos.client.config.impl.Limiter - limitTime:5.0
2021-12-18 09:39:52.653 [main] WARN  c.a.cloud.nacos.client.NacosPropertySourceBuilder - Ignore the empty nacos configuration and get it based on dataId[privilege-service] & group[DEFAULT_GROUP]
2021-12-18 09:39:52.711 [main] WARN  c.a.cloud.nacos.client.NacosPropertySourceBuilder - Ignore the empty nacos configuration and get it based on dataId[privilege-service.yaml] & group[DEFAULT_GROUP]
2021-12-18 09:39:52.832 [main] INFO  com.alibaba.nacos.client.config.utils.JvmUtil - isMultiInstance:false
2021-12-18 09:39:52.848 [main] INFO  o.s.c.b.c.PropertySourceBootstrapConfiguration - Located property source: [BootstrapPropertySource {name='bootstrapProperties-privilege-service-dev.yaml,DEFAULT_GROUP'}, BootstrapPropertySource {name='bootstrapProperties-privilege-service.yaml,DEFAULT_GROUP'}, BootstrapPropertySource {name='bootstrapProperties-privilege-service,DEFAULT_GROUP'}]
2021-12-18 09:39:52.860 [main] INFO  c.e.x.p.p.PrivilegeServiceApplication - The following profiles are active: dev
2021-12-18 09:39:54.812 [main] INFO  o.s.d.r.config.RepositoryConfigurationDelegate - Multiple Spring Data modules found, entering strict repository configuration mode!
2021-12-18 09:39:54.816 [main] INFO  o.s.d.r.config.RepositoryConfigurationDelegate - Bootstrapping Spring Data Redis repositories in DEFAULT mode.
2021-12-18 09:39:54.857 [main] INFO  o.s.d.r.config.RepositoryConfigurationDelegate - Finished Spring Data repository scanning in 19 ms. Found 0 Redis repository interfaces.
2021-12-18 09:39:55.323 [main] INFO  o.springframework.cloud.context.scope.GenericScope - BeanFactory id=5a27607c-88fe-3e01-99fc-f34e85bada08
2021-12-18 09:39:56.358 [main] INFO  o.s.boot.web.embedded.tomcat.TomcatWebServer - Tomcat initialized with port(s): 8096 (http)
2021-12-18 09:39:56.380 [main] INFO  org.apache.coyote.http11.Http11NioProtocol - Initializing ProtocolHandler ["http-nio-8096"]
2021-12-18 09:39:56.382 [main] INFO  org.apache.catalina.core.StandardService - Starting service [Tomcat]
2021-12-18 09:39:56.382 [main] INFO  org.apache.catalina.core.StandardEngine - Starting Servlet engine: [Apache Tomcat/9.0.54]
2021-12-18 09:39:56.657 [main] INFO  o.a.c.core.ContainerBase.[Tomcat].[localhost].[/] - Initializing Spring embedded WebApplicationContext
2021-12-18 09:39:56.658 [main] INFO  o.s.b.w.s.c.ServletWebServerApplicationContext - Root WebApplicationContext: initialization completed in 3764 ms
2021-12-18 09:39:57.863 [main] INFO  c.a.d.s.b.a.DruidDataSourceAutoConfigure - Init DruidDataSource
2021-12-18 09:39:58.102 [main] INFO  com.alibaba.druid.pool.DruidDataSource - {dataSource-1} inited
2021-12-18 09:40:05.623 [main] INFO  com.alibaba.nacos.client.naming - initializer namespace from System Property :null
2021-12-18 09:40:05.625 [main] INFO  com.alibaba.nacos.client.naming - initializer namespace from System Environment :null
2021-12-18 09:40:05.626 [main] INFO  com.alibaba.nacos.client.naming - initializer namespace from System Property :null
2021-12-18 09:40:06.376 [main] INFO  o.s.b.actuate.endpoint.web.EndpointLinksResolver - Exposing 2 endpoint(s) beneath base path '/actuator'
2021-12-18 09:40:12.941 [main] INFO  org.apache.coyote.http11.Http11NioProtocol - Starting ProtocolHandler ["http-nio-8096"]
2021-12-18 09:40:13.009 [main] INFO  o.s.boot.web.embedded.tomcat.TomcatWebServer - Tomcat started on port(s): 8096 (http) with context path ''
2021-12-18 09:40:13.018 [main] INFO  com.alibaba.nacos.client.naming - [BEAT] adding beat: BeatInfo{port=8096, ip='192.168.199.1', weight=1.0, serviceName='DEFAULT_GROUP@@privilege-service', cluster='DEFAULT', metadata={preserved.register.source=SPRING_CLOUD}, scheduled=false, period=5000, stopped=false} to beat map.
2021-12-18 09:40:13.020 [main] INFO  com.alibaba.nacos.client.naming - [REGISTER-SERVICE] public registering service DEFAULT_GROUP@@privilege-service with instance: Instance{instanceId='null', ip='192.168.199.1', port=8096, weight=1.0, healthy=true, enabled=true, ephemeral=true, clusterName='DEFAULT', serviceName='null', metadata={preserved.register.source=SPRING_CLOUD}}
2021-12-18 09:40:13.079 [main] INFO  c.a.cloud.nacos.registry.NacosServiceRegistry - nacos registry, DEFAULT_GROUP privilege-service 192.168.199.1:8096 register finished
2021-12-18 09:40:14.055 [com.alibaba.nacos.client.naming.updater] INFO  com.alibaba.nacos.client.naming - new ips(1) service: DEFAULT_GROUP@@privilege-service@@DEFAULT -> [{"instanceId":"192.168.199.1#8096#DEFAULT#DEFAULT_GROUP@@privilege-service","ip":"192.168.199.1","port":8096,"weight":1.0,"healthy":true,"enabled":true,"ephemeral":true,"clusterName":"DEFAULT","serviceName":"DEFAULT_GROUP@@privilege-service","metadata":{"preserved.register.source":"SPRING_CLOUD"},"ipDeleteTimeout":30000,"instanceHeartBeatInterval":5000,"instanceHeartBeatTimeOut":15000}]
2021-12-18 09:40:14.080 [com.alibaba.nacos.client.naming.updater] INFO  com.alibaba.nacos.client.naming - current ips:(1) service: DEFAULT_GROUP@@privilege-service@@DEFAULT -> [{"instanceId":"192.168.199.1#8096#DEFAULT#DEFAULT_GROUP@@privilege-service","ip":"192.168.199.1","port":8096,"weight":1.0,"healthy":true,"enabled":true,"ephemeral":true,"clusterName":"DEFAULT","serviceName":"DEFAULT_GROUP@@privilege-service","metadata":{"preserved.register.source":"SPRING_CLOUD"},"ipDeleteTimeout":30000,"instanceHeartBeatInterval":5000,"instanceHeartBeatTimeOut":15000}]
2021-12-18 09:40:15.228 [main] WARN  s.d.s.r.operation.OperationImplicitParameterReader - Unable to interpret the implicit parameter configuration with dataType: String, dataTypeClass: class java.lang.Void
2021-12-18 09:40:15.233 [main] WARN  s.d.s.r.operation.OperationImplicitParameterReader - Unable to interpret the implicit parameter configuration with dataType: String, dataTypeClass: class java.lang.Void
2021-12-18 09:40:15.233 [main] WARN  s.d.s.r.operation.OperationImplicitParameterReader - Unable to interpret the implicit parameter configuration with dataType: String, dataTypeClass: class java.lang.Void
2021-12-18 09:40:15.257 [main] WARN  s.d.s.r.operation.OperationImplicitParameterReader - Unable to interpret the implicit parameter configuration with dataType: String, dataTypeClass: class java.lang.Void
2021-12-18 09:40:15.258 [main] WARN  s.d.s.r.operation.OperationImplicitParameterReader - Unable to interpret the implicit parameter configuration with dataType: int, dataTypeClass: class java.lang.Void
2021-12-18 09:40:15.258 [main] WARN  s.d.s.r.operation.OperationImplicitParameterReader - Unable to interpret the implicit parameter configuration with dataType: int, dataTypeClass: class java.lang.Void
2021-12-18 09:40:15.264 [main] WARN  s.d.s.r.operation.OperationImplicitParameterReader - Unable to interpret the implicit parameter configuration with dataType: String, dataTypeClass: class java.lang.Void
2021-12-18 09:40:15.264 [main] WARN  s.d.s.r.operation.OperationImplicitParameterReader - Unable to interpret the implicit parameter configuration with dataType: String, dataTypeClass: class java.lang.Void
2021-12-18 09:40:15.265 [main] WARN  s.d.s.r.operation.OperationImplicitParameterReader - Unable to interpret the implicit parameter configuration with dataType: String, dataTypeClass: class java.lang.Void
2021-12-18 09:40:15.265 [main] WARN  s.d.s.r.operation.OperationImplicitParameterReader - Unable to interpret the implicit parameter configuration with dataType: String, dataTypeClass: class java.lang.Void
2021-12-18 09:40:15.269 [main] WARN  s.d.s.r.operation.OperationImplicitParameterReader - Unable to interpret the implicit parameter configuration with dataType: String, dataTypeClass: class java.lang.Void
2021-12-18 09:40:15.269 [main] WARN  s.d.s.r.operation.OperationImplicitParameterReader - Unable to interpret the implicit parameter configuration with dataType: int, dataTypeClass: class java.lang.Void
2021-12-18 09:40:15.270 [main] WARN  s.d.s.r.operation.OperationImplicitParameterReader - Unable to interpret the implicit parameter configuration with dataType: int, dataTypeClass: class java.lang.Void
2021-12-18 09:40:15.270 [main] WARN  s.d.s.r.operation.OperationImplicitParameterReader - Unable to interpret the implicit parameter configuration with dataType: int, dataTypeClass: class java.lang.Void
2021-12-18 09:40:15.275 [main] WARN  s.d.s.r.operation.OperationImplicitParameterReader - Unable to interpret the implicit parameter configuration with dataType: String, dataTypeClass: class java.lang.Void
2021-12-18 09:40:15.281 [main] WARN  s.d.s.r.operation.OperationImplicitParameterReader - Unable to interpret the implicit parameter configuration with dataType: String, dataTypeClass: class java.lang.Void
2021-12-18 09:40:15.281 [main] WARN  s.d.s.r.operation.OperationImplicitParameterReader - Unable to interpret the implicit parameter configuration with dataType: int, dataTypeClass: class java.lang.Void
2021-12-18 09:40:15.285 [main] WARN  s.d.s.r.operation.OperationImplicitParameterReader - Unable to interpret the implicit parameter configuration with dataType: String, dataTypeClass: class java.lang.Void
2021-12-18 09:40:15.286 [main] WARN  s.d.s.r.operation.OperationImplicitParameterReader - Unable to interpret the implicit parameter configuration with dataType: int, dataTypeClass: class java.lang.Void
2021-12-18 09:40:15.286 [main] WARN  s.d.s.r.operation.OperationImplicitParameterReader - Unable to interpret the implicit parameter configuration with dataType: int, dataTypeClass: class java.lang.Void
2021-12-18 09:40:15.290 [main] WARN  s.d.s.r.operation.OperationImplicitParameterReader - Unable to interpret the implicit parameter configuration with dataType: String, dataTypeClass: class java.lang.Void
2021-12-18 09:40:15.290 [main] WARN  s.d.s.r.operation.OperationImplicitParameterReader - Unable to interpret the implicit parameter configuration with dataType: int, dataTypeClass: class java.lang.Void
2021-12-18 09:40:15.291 [main] WARN  s.d.s.r.operation.OperationImplicitParameterReader - Unable to interpret the implicit parameter configuration with dataType: int, dataTypeClass: class java.lang.Void
2021-12-18 09:40:15.294 [main] WARN  s.d.s.r.operation.OperationImplicitParameterReader - Unable to interpret the implicit parameter configuration with dataType: String, dataTypeClass: class java.lang.Void
2021-12-18 09:40:15.295 [main] WARN  s.d.s.r.operation.OperationImplicitParameterReader - Unable to interpret the implicit parameter configuration with dataType: int, dataTypeClass: class java.lang.Void
2021-12-18 09:40:15.295 [main] WARN  s.d.s.r.operation.OperationImplicitParameterReader - Unable to interpret the implicit parameter configuration with dataType: int, dataTypeClass: class java.lang.Void
2021-12-18 09:40:15.299 [main] WARN  s.d.s.r.operation.OperationImplicitParameterReader - Unable to interpret the implicit parameter configuration with dataType: String, dataTypeClass: class java.lang.Void
2021-12-18 09:40:15.299 [main] WARN  s.d.s.r.operation.OperationImplicitParameterReader - Unable to interpret the implicit parameter configuration with dataType: int, dataTypeClass: class java.lang.Void
2021-12-18 09:40:15.300 [main] WARN  s.d.s.r.operation.OperationImplicitParameterReader - Unable to interpret the implicit parameter configuration with dataType: int, dataTypeClass: class java.lang.Void
2021-12-18 09:40:15.305 [main] WARN  s.d.s.r.operation.OperationImplicitParameterReader - Unable to interpret the implicit parameter configuration with dataType: String, dataTypeClass: class java.lang.Void
2021-12-18 09:40:15.306 [main] WARN  s.d.s.r.operation.OperationImplicitParameterReader - Unable to interpret the implicit parameter configuration with dataType: GroupVo, dataTypeClass: class java.lang.Void
2021-12-18 09:40:15.306 [main] WARN  s.d.builders.BodyParameterSpecificationProvider - Parameter should either be a simple or a content type
2021-12-18 09:40:15.311 [main] WARN  s.d.s.r.operation.OperationImplicitParameterReader - Unable to interpret the implicit parameter configuration with dataType: String, dataTypeClass: class java.lang.Void
2021-12-18 09:40:15.311 [main] WARN  s.d.s.r.operation.OperationImplicitParameterReader - Unable to interpret the implicit parameter configuration with dataType: String, dataTypeClass: class java.lang.Void
2021-12-18 09:40:15.312 [main] WARN  s.d.s.r.operation.OperationImplicitParameterReader - Unable to interpret the implicit parameter configuration with dataType: String, dataTypeClass: class java.lang.Void
2021-12-18 09:40:15.312 [main] WARN  s.d.s.r.operation.OperationImplicitParameterReader - Unable to interpret the implicit parameter configuration with dataType: String, dataTypeClass: class java.lang.Void
2021-12-18 09:40:15.315 [main] WARN  s.d.s.r.operation.OperationImplicitParameterReader - Unable to interpret the implicit parameter configuration with dataType: String, dataTypeClass: class java.lang.Void
2021-12-18 09:40:15.315 [main] WARN  s.d.s.r.operation.OperationImplicitParameterReader - Unable to interpret the implicit parameter configuration with dataType: int, dataTypeClass: class java.lang.Void
2021-12-18 09:40:15.316 [main] WARN  s.d.s.r.operation.OperationImplicitParameterReader - Unable to interpret the implicit parameter configuration with dataType: int, dataTypeClass: class java.lang.Void
2021-12-18 09:40:15.316 [main] WARN  s.d.s.r.operation.OperationImplicitParameterReader - Unable to interpret the implicit parameter configuration with dataType: int, dataTypeClass: class java.lang.Void
2021-12-18 09:40:15.319 [main] WARN  s.d.s.r.operation.OperationImplicitParameterReader - Unable to interpret the implicit parameter configuration with dataType: String, dataTypeClass: class java.lang.Void
2021-12-18 09:40:15.421 [main] WARN  s.d.s.r.operation.OperationImplicitParameterReader - Unable to interpret the implicit parameter configuration with dataType: String, dataTypeClass: class java.lang.Void
2021-12-18 09:40:15.422 [main] WARN  s.d.s.r.operation.OperationImplicitParameterReader - Unable to interpret the implicit parameter configuration with dataType: Integer, dataTypeClass: class java.lang.Void
2021-12-18 09:40:15.425 [main] WARN  s.d.s.r.operation.OperationImplicitParameterReader - Unable to interpret the implicit parameter configuration with dataType: String, dataTypeClass: class java.lang.Void
2021-12-18 09:40:15.425 [main] WARN  s.d.s.r.operation.OperationImplicitParameterReader - Unable to interpret the implicit parameter configuration with dataType: Integer, dataTypeClass: class java.lang.Void
2021-12-18 09:40:15.425 [main] WARN  s.d.s.r.operation.OperationImplicitParameterReader - Unable to interpret the implicit parameter configuration with dataType: Integer, dataTypeClass: class java.lang.Void
2021-12-18 09:40:15.428 [main] WARN  s.d.s.r.operation.OperationImplicitParameterReader - Unable to interpret the implicit parameter configuration with dataType: String, dataTypeClass: class java.lang.Void
2021-12-18 09:40:15.429 [main] WARN  s.d.s.r.operation.OperationImplicitParameterReader - Unable to interpret the implicit parameter configuration with dataType: Integer, dataTypeClass: class java.lang.Void
2021-12-18 09:40:15.429 [main] WARN  s.d.s.r.operation.OperationImplicitParameterReader - Unable to interpret the implicit parameter configuration with dataType: Integer, dataTypeClass: class java.lang.Void
2021-12-18 09:40:15.437 [main] WARN  s.d.s.r.operation.OperationImplicitParameterReader - Unable to interpret the implicit parameter configuration with dataType: String, dataTypeClass: class java.lang.Void
2021-12-18 09:40:15.438 [main] WARN  s.d.s.r.operation.OperationImplicitParameterReader - Unable to interpret the implicit parameter configuration with dataType: Integer, dataTypeClass: class java.lang.Void
2021-12-18 09:40:15.438 [main] WARN  s.d.s.r.operation.OperationImplicitParameterReader - Unable to interpret the implicit parameter configuration with dataType: Integer, dataTypeClass: class java.lang.Void
2021-12-18 09:40:15.442 [main] WARN  s.d.s.r.operation.OperationImplicitParameterReader - Unable to interpret the implicit parameter configuration with dataType: String, dataTypeClass: class java.lang.Void
2021-12-18 09:40:15.443 [main] WARN  s.d.s.r.operation.OperationImplicitParameterReader - Unable to interpret the implicit parameter configuration with dataType: String, dataTypeClass: class java.lang.Void
2021-12-18 09:40:15.443 [main] WARN  s.d.s.r.operation.OperationImplicitParameterReader - Unable to interpret the implicit parameter configuration with dataType: String, dataTypeClass: class java.lang.Void
2021-12-18 09:40:15.443 [main] WARN  s.d.s.r.operation.OperationImplicitParameterReader - Unable to interpret the implicit parameter configuration with dataType: String, dataTypeClass: class java.lang.Void
2021-12-18 09:40:15.446 [main] WARN  s.d.s.r.operation.OperationImplicitParameterReader - Unable to interpret the implicit parameter configuration with dataType: String, dataTypeClass: class java.lang.Void
2021-12-18 09:40:15.447 [main] WARN  s.d.s.r.operation.OperationImplicitParameterReader - Unable to interpret the implicit parameter configuration with dataType: Integer, dataTypeClass: class java.lang.Void
2021-12-18 09:40:15.447 [main] WARN  s.d.s.r.operation.OperationImplicitParameterReader - Unable to interpret the implicit parameter configuration with dataType: Integer, dataTypeClass: class java.lang.Void
2021-12-18 09:40:15.456 [main] WARN  s.d.s.r.operation.OperationImplicitParameterReader - Unable to interpret the implicit parameter configuration with dataType: String, dataTypeClass: class java.lang.Void
2021-12-18 09:40:15.456 [main] WARN  s.d.s.r.operation.OperationImplicitParameterReader - Unable to interpret the implicit parameter configuration with dataType: Integer, dataTypeClass: class java.lang.Void
2021-12-18 09:40:15.456 [main] WARN  s.d.s.r.operation.OperationImplicitParameterReader - Unable to interpret the implicit parameter configuration with dataType: Integer, dataTypeClass: class java.lang.Void
2021-12-18 09:40:15.456 [main] WARN  s.d.s.r.operation.OperationImplicitParameterReader - Unable to interpret the implicit parameter configuration with dataType: Boolean, dataTypeClass: class java.lang.Void
2021-12-18 09:40:15.457 [main] WARN  s.d.builders.BodyParameterSpecificationProvider - Parameter should either be a simple or a content type
2021-12-18 09:40:15.460 [main] WARN  s.d.s.r.operation.OperationImplicitParameterReader - Unable to interpret the implicit parameter configuration with dataType: String, dataTypeClass: class java.lang.Void
2021-12-18 09:40:15.460 [main] WARN  s.d.s.r.operation.OperationImplicitParameterReader - Unable to interpret the implicit parameter configuration with dataType: Integer, dataTypeClass: class java.lang.Void
2021-12-18 09:40:15.461 [main] WARN  s.d.s.r.operation.OperationImplicitParameterReader - Unable to interpret the implicit parameter configuration with dataType: Integer, dataTypeClass: class java.lang.Void
2021-12-18 09:40:15.461 [main] WARN  s.d.s.r.operation.OperationImplicitParameterReader - Unable to interpret the implicit parameter configuration with dataType: Integer, dataTypeClass: class java.lang.Void
2021-12-18 09:40:15.467 [main] WARN  s.d.s.r.operation.OperationImplicitParameterReader - Unable to interpret the implicit parameter configuration with dataType: String, dataTypeClass: class java.lang.Void
2021-12-18 09:40:15.467 [main] WARN  s.d.s.r.operation.OperationImplicitParameterReader - Unable to interpret the implicit parameter configuration with dataType: String, dataTypeClass: class java.lang.Void
2021-12-18 09:40:15.471 [main] WARN  s.d.s.r.operation.OperationImplicitParameterReader - Unable to interpret the implicit parameter configuration with dataType: String, dataTypeClass: class java.lang.Void
2021-12-18 09:40:15.472 [main] WARN  s.d.s.r.operation.OperationImplicitParameterReader - Unable to interpret the implicit parameter configuration with dataType: Integer, dataTypeClass: class java.lang.Void
2021-12-18 09:40:15.472 [main] WARN  s.d.s.r.operation.OperationImplicitParameterReader - Unable to interpret the implicit parameter configuration with dataType: Integer, dataTypeClass: class java.lang.Void
2021-12-18 09:40:15.472 [main] WARN  s.d.s.r.operation.OperationImplicitParameterReader - Unable to interpret the implicit parameter configuration with dataType: Integer, dataTypeClass: class java.lang.Void
2021-12-18 09:40:15.477 [main] WARN  s.d.s.r.operation.OperationImplicitParameterReader - Unable to interpret the implicit parameter configuration with dataType: String, dataTypeClass: class java.lang.Void
2021-12-18 09:40:15.477 [main] WARN  s.d.s.r.operation.OperationImplicitParameterReader - Unable to interpret the implicit parameter configuration with dataType: String, dataTypeClass: class java.lang.Void
2021-12-18 09:40:15.477 [main] WARN  s.d.s.r.operation.OperationImplicitParameterReader - Unable to interpret the implicit parameter configuration with dataType: String, dataTypeClass: class java.lang.Void
2021-12-18 09:40:15.477 [main] WARN  s.d.s.r.operation.OperationImplicitParameterReader - Unable to interpret the implicit parameter configuration with dataType: String, dataTypeClass: class java.lang.Void
2021-12-18 09:40:15.481 [main] WARN  s.d.s.r.operation.OperationImplicitParameterReader - Unable to interpret the implicit parameter configuration with dataType: String, dataTypeClass: class java.lang.Void
2021-12-18 09:40:15.483 [main] WARN  s.d.s.r.operation.OperationImplicitParameterReader - Unable to interpret the implicit parameter configuration with dataType: int, dataTypeClass: class java.lang.Void
2021-12-18 09:40:15.483 [main] WARN  s.d.s.r.operation.OperationImplicitParameterReader - Unable to interpret the implicit parameter configuration with dataType: int, dataTypeClass: class java.lang.Void
2021-12-18 09:40:15.486 [main] WARN  s.d.s.r.operation.OperationImplicitParameterReader - Unable to interpret the implicit parameter configuration with dataType: String, dataTypeClass: class java.lang.Void
2021-12-18 09:40:15.487 [main] WARN  s.d.s.r.operation.OperationImplicitParameterReader - Unable to interpret the implicit parameter configuration with dataType: Integer, dataTypeClass: class java.lang.Void
2021-12-18 09:40:15.489 [main] WARN  s.d.s.r.operation.OperationImplicitParameterReader - Unable to interpret the implicit parameter configuration with dataType: String, dataTypeClass: class java.lang.Void
2021-12-18 09:40:15.490 [main] WARN  s.d.s.r.operation.OperationImplicitParameterReader - Unable to interpret the implicit parameter configuration with dataType: int, dataTypeClass: class java.lang.Void
2021-12-18 09:40:15.490 [main] WARN  s.d.s.r.operation.OperationImplicitParameterReader - Unable to interpret the implicit parameter configuration with dataType: int, dataTypeClass: class java.lang.Void
2021-12-18 09:40:15.493 [main] WARN  s.d.s.r.operation.OperationImplicitParameterReader - Unable to interpret the implicit parameter configuration with dataType: String, dataTypeClass: class java.lang.Void
2021-12-18 09:40:15.494 [main] WARN  s.d.s.r.operation.OperationImplicitParameterReader - Unable to interpret the implicit parameter configuration with dataType: Integer, dataTypeClass: class java.lang.Void
2021-12-18 09:40:15.500 [main] WARN  s.d.s.r.operation.OperationImplicitParameterReader - Unable to interpret the implicit parameter configuration with dataType: String, dataTypeClass: class java.lang.Void
2021-12-18 09:40:15.501 [main] WARN  s.d.s.r.operation.OperationImplicitParameterReader - Unable to interpret the implicit parameter configuration with dataType: String, dataTypeClass: class java.lang.Void
2021-12-18 09:40:15.501 [main] WARN  s.d.s.r.operation.OperationImplicitParameterReader - Unable to interpret the implicit parameter configuration with dataType: String, dataTypeClass: class java.lang.Void
2021-12-18 09:40:15.501 [main] WARN  s.d.s.r.operation.OperationImplicitParameterReader - Unable to interpret the implicit parameter configuration with dataType: Integer, dataTypeClass: class java.lang.Void
2021-12-18 09:40:15.502 [main] WARN  s.d.s.r.operation.OperationImplicitParameterReader - Unable to interpret the implicit parameter configuration with dataType: Integer, dataTypeClass: class java.lang.Void
2021-12-18 09:40:15.506 [main] WARN  s.d.s.r.operation.OperationImplicitParameterReader - Unable to interpret the implicit parameter configuration with dataType: String, dataTypeClass: class java.lang.Void
2021-12-18 09:40:15.507 [main] WARN  s.d.s.r.operation.OperationImplicitParameterReader - Unable to interpret the implicit parameter configuration with dataType: String, dataTypeClass: class java.lang.Void
2021-12-18 09:40:15.507 [main] WARN  s.d.s.r.operation.OperationImplicitParameterReader - Unable to interpret the implicit parameter configuration with dataType: String, dataTypeClass: class java.lang.Void
2021-12-18 09:40:15.507 [main] WARN  s.d.s.r.operation.OperationImplicitParameterReader - Unable to interpret the implicit parameter configuration with dataType: Integer, dataTypeClass: class java.lang.Void
2021-12-18 09:40:15.507 [main] WARN  s.d.s.r.operation.OperationImplicitParameterReader - Unable to interpret the implicit parameter configuration with dataType: Integer, dataTypeClass: class java.lang.Void
2021-12-18 09:40:15.510 [main] WARN  s.d.s.r.operation.OperationImplicitParameterReader - Unable to interpret the implicit parameter configuration with dataType: String, dataTypeClass: class java.lang.Void
2021-12-18 09:40:15.511 [main] WARN  s.d.s.r.operation.OperationImplicitParameterReader - Unable to interpret the implicit parameter configuration with dataType: String, dataTypeClass: class java.lang.Void
2021-12-18 09:40:15.511 [main] WARN  s.d.s.r.operation.OperationImplicitParameterReader - Unable to interpret the implicit parameter configuration with dataType: String, dataTypeClass: class java.lang.Void
2021-12-18 09:40:15.511 [main] WARN  s.d.s.r.operation.OperationImplicitParameterReader - Unable to interpret the implicit parameter configuration with dataType: Integer, dataTypeClass: class java.lang.Void
2021-12-18 09:40:15.511 [main] WARN  s.d.s.r.operation.OperationImplicitParameterReader - Unable to interpret the implicit parameter configuration with dataType: Integer, dataTypeClass: class java.lang.Void
2021-12-18 09:40:15.524 [main] WARN  s.d.s.r.operation.OperationImplicitParameterReader - Unable to interpret the implicit parameter configuration with dataType: String, dataTypeClass: class java.lang.Void
2021-12-18 09:40:15.525 [main] WARN  s.d.s.r.operation.OperationImplicitParameterReader - Unable to interpret the implicit parameter configuration with dataType: Integer, dataTypeClass: class java.lang.Void
2021-12-18 09:40:15.525 [main] WARN  s.d.s.r.operation.OperationImplicitParameterReader - Unable to interpret the implicit parameter configuration with dataType: String, dataTypeClass: class java.lang.Void
2021-12-18 09:40:15.525 [main] WARN  s.d.s.r.operation.OperationImplicitParameterReader - Unable to interpret the implicit parameter configuration with dataType: Integer, dataTypeClass: class java.lang.Void
2021-12-18 09:40:15.537 [main] WARN  s.d.s.r.operation.OperationImplicitParameterReader - Unable to interpret the implicit parameter configuration with dataType: String, dataTypeClass: class java.lang.Void
2021-12-18 09:40:15.537 [main] WARN  s.d.s.r.operation.OperationImplicitParameterReader - Unable to interpret the implicit parameter configuration with dataType: RoleVo, dataTypeClass: class java.lang.Void
2021-12-18 09:40:15.537 [main] WARN  s.d.builders.BodyParameterSpecificationProvider - Parameter should either be a simple or a content type
2021-12-18 09:40:15.541 [main] WARN  s.d.s.r.operation.OperationImplicitParameterReader - Unable to interpret the implicit parameter configuration with dataType: String, dataTypeClass: class java.lang.Void
2021-12-18 09:40:15.541 [main] WARN  s.d.s.r.operation.OperationImplicitParameterReader - Unable to interpret the implicit parameter configuration with dataType: RoleVo, dataTypeClass: class java.lang.Void
2021-12-18 09:40:15.541 [main] WARN  s.d.builders.BodyParameterSpecificationProvider - Parameter should either be a simple or a content type
2021-12-18 09:40:15.560 [main] WARN  s.d.s.r.operation.OperationImplicitParameterReader - Unable to interpret the implicit parameter configuration with dataType: String, dataTypeClass: class java.lang.Void
2021-12-18 09:40:15.561 [main] WARN  s.d.s.r.operation.OperationImplicitParameterReader - Unable to interpret the implicit parameter configuration with dataType: Integer, dataTypeClass: class java.lang.Void
2021-12-18 09:40:15.574 [main] WARN  s.d.s.r.operation.OperationImplicitParameterReader - Unable to interpret the implicit parameter configuration with dataType: NewUserVo, dataTypeClass: class java.lang.Void
2021-12-18 09:40:15.574 [main] WARN  s.d.builders.BodyParameterSpecificationProvider - Parameter should either be a simple or a content type
2021-12-18 09:40:15.576 [main] WARN  s.d.s.r.operation.OperationImplicitParameterReader - Unable to interpret the implicit parameter configuration with dataType: String, dataTypeClass: class java.lang.Void
2021-12-18 09:40:15.577 [main] WARN  s.d.s.r.operation.OperationImplicitParameterReader - Unable to interpret the implicit parameter configuration with dataType: int, dataTypeClass: class java.lang.Void
2021-12-18 09:40:15.577 [main] WARN  s.d.s.r.operation.OperationImplicitParameterReader - Unable to interpret the implicit parameter configuration with dataType: int, dataTypeClass: class java.lang.Void
2021-12-18 09:40:15.579 [main] WARN  s.d.s.r.operation.OperationImplicitParameterReader - Unable to interpret the implicit parameter configuration with dataType: String, dataTypeClass: class java.lang.Void
2021-12-18 09:40:15.580 [main] WARN  s.d.s.r.operation.OperationImplicitParameterReader - Unable to interpret the implicit parameter configuration with dataType: Integer, dataTypeClass: class java.lang.Void
2021-12-18 09:40:15.587 [main] WARN  s.d.s.r.operation.OperationImplicitParameterReader - Unable to interpret the implicit parameter configuration with dataType: String, dataTypeClass: class java.lang.Void
2021-12-18 09:40:15.587 [main] WARN  s.d.s.r.operation.OperationImplicitParameterReader - Unable to interpret the implicit parameter configuration with dataType: Integer, dataTypeClass: class java.lang.Void
2021-12-18 09:40:15.588 [main] WARN  s.d.s.r.operation.OperationImplicitParameterReader - Unable to interpret the implicit parameter configuration with dataType: Integer, dataTypeClass: class java.lang.Void
2021-12-18 09:40:15.588 [main] WARN  s.d.s.r.operation.OperationImplicitParameterReader - Unable to interpret the implicit parameter configuration with dataType: Integer, dataTypeClass: class java.lang.Void
2021-12-18 09:40:15.591 [main] WARN  s.d.s.r.operation.OperationImplicitParameterReader - Unable to interpret the implicit parameter configuration with dataType: String, dataTypeClass: class java.lang.Void
2021-12-18 09:40:15.592 [main] WARN  s.d.s.r.operation.OperationImplicitParameterReader - Unable to interpret the implicit parameter configuration with dataType: int, dataTypeClass: class java.lang.Void
2021-12-18 09:40:15.592 [main] WARN  s.d.s.r.operation.OperationImplicitParameterReader - Unable to interpret the implicit parameter configuration with dataType: int, dataTypeClass: class java.lang.Void
2021-12-18 09:40:15.592 [main] WARN  s.d.s.r.operation.OperationImplicitParameterReader - Unable to interpret the implicit parameter configuration with dataType: int, dataTypeClass: class java.lang.Void
2021-12-18 09:40:15.595 [main] WARN  s.d.s.r.operation.OperationImplicitParameterReader - Unable to interpret the implicit parameter configuration with dataType: String, dataTypeClass: class java.lang.Void
2021-12-18 09:40:15.596 [main] WARN  s.d.s.r.operation.OperationImplicitParameterReader - Unable to interpret the implicit parameter configuration with dataType: int, dataTypeClass: class java.lang.Void
2021-12-18 09:40:15.596 [main] WARN  s.d.s.r.operation.OperationImplicitParameterReader - Unable to interpret the implicit parameter configuration with dataType: int, dataTypeClass: class java.lang.Void
2021-12-18 09:40:15.596 [main] WARN  s.d.s.r.operation.OperationImplicitParameterReader - Unable to interpret the implicit parameter configuration with dataType: int, dataTypeClass: class java.lang.Void
2021-12-18 09:40:15.599 [main] WARN  s.d.s.r.operation.OperationImplicitParameterReader - Unable to interpret the implicit parameter configuration with dataType: String, dataTypeClass: class java.lang.Void
2021-12-18 09:40:15.599 [main] WARN  s.d.s.r.operation.OperationImplicitParameterReader - Unable to interpret the implicit parameter configuration with dataType: int, dataTypeClass: class java.lang.Void
2021-12-18 09:40:15.600 [main] WARN  s.d.s.r.operation.OperationImplicitParameterReader - Unable to interpret the implicit parameter configuration with dataType: int, dataTypeClass: class java.lang.Void
2021-12-18 09:40:15.600 [main] WARN  s.d.s.r.operation.OperationImplicitParameterReader - Unable to interpret the implicit parameter configuration with dataType: int, dataTypeClass: class java.lang.Void
2021-12-18 09:40:15.600 [main] WARN  s.d.s.r.operation.OperationImplicitParameterReader - Unable to interpret the implicit parameter configuration with dataType: int, dataTypeClass: class java.lang.Void
2021-12-18 09:40:15.603 [main] WARN  s.d.s.r.operation.OperationImplicitParameterReader - Unable to interpret the implicit parameter configuration with dataType: String, dataTypeClass: class java.lang.Void
2021-12-18 09:40:15.603 [main] WARN  s.d.s.r.operation.OperationImplicitParameterReader - Unable to interpret the implicit parameter configuration with dataType: int, dataTypeClass: class java.lang.Void
2021-12-18 09:40:15.603 [main] WARN  s.d.s.r.operation.OperationImplicitParameterReader - Unable to interpret the implicit parameter configuration with dataType: int, dataTypeClass: class java.lang.Void
2021-12-18 09:40:15.606 [main] WARN  s.d.s.r.operation.OperationImplicitParameterReader - Unable to interpret the implicit parameter configuration with dataType: String, dataTypeClass: class java.lang.Void
2021-12-18 09:40:15.606 [main] WARN  s.d.s.r.operation.OperationImplicitParameterReader - Unable to interpret the implicit parameter configuration with dataType: int, dataTypeClass: class java.lang.Void
2021-12-18 09:40:15.606 [main] WARN  s.d.s.r.operation.OperationImplicitParameterReader - Unable to interpret the implicit parameter configuration with dataType: int, dataTypeClass: class java.lang.Void
2021-12-18 09:40:15.609 [main] WARN  s.d.s.r.operation.OperationImplicitParameterReader - Unable to interpret the implicit parameter configuration with dataType: String, dataTypeClass: class java.lang.Void
2021-12-18 09:40:15.609 [main] WARN  s.d.s.r.operation.OperationImplicitParameterReader - Unable to interpret the implicit parameter configuration with dataType: int, dataTypeClass: class java.lang.Void
2021-12-18 09:40:15.609 [main] WARN  s.d.s.r.operation.OperationImplicitParameterReader - Unable to interpret the implicit parameter configuration with dataType: int, dataTypeClass: class java.lang.Void
2021-12-18 09:40:15.609 [main] WARN  s.d.s.r.operation.OperationImplicitParameterReader - Unable to interpret the implicit parameter configuration with dataType: int, dataTypeClass: class java.lang.Void
2021-12-18 09:40:15.609 [main] WARN  s.d.s.r.operation.OperationImplicitParameterReader - Unable to interpret the implicit parameter configuration with dataType: int, dataTypeClass: class java.lang.Void
2021-12-18 09:40:15.628 [main] WARN  s.d.s.r.operation.OperationImplicitParameterReader - Unable to interpret the implicit parameter configuration with dataType: String, dataTypeClass: class java.lang.Void
2021-12-18 09:40:15.628 [main] WARN  s.d.s.r.operation.OperationImplicitParameterReader - Unable to interpret the implicit parameter configuration with dataType: int, dataTypeClass: class java.lang.Void
2021-12-18 09:40:15.628 [main] WARN  s.d.s.r.operation.OperationImplicitParameterReader - Unable to interpret the implicit parameter configuration with dataType: int, dataTypeClass: class java.lang.Void
2021-12-18 09:40:15.628 [main] WARN  s.d.s.r.operation.OperationImplicitParameterReader - Unable to interpret the implicit parameter configuration with dataType: RoleVo, dataTypeClass: class java.lang.Void
2021-12-18 09:40:15.629 [main] WARN  s.d.builders.BodyParameterSpecificationProvider - Parameter should either be a simple or a content type
2021-12-18 09:40:15.672 [main] INFO  c.e.x.p.p.PrivilegeServiceApplication - Started PrivilegeServiceApplication in 29.497 seconds (JVM running for 36.065)
2021-12-18 09:40:15.682 [main] INFO  com.alibaba.nacos.client.config.impl.ClientWorker - [fixed-117.78.0.176_8848] [subscribe] privilege-service-dev.yaml+DEFAULT_GROUP
2021-12-18 09:40:15.684 [main] INFO  com.alibaba.nacos.client.config.impl.CacheData - [fixed-117.78.0.176_8848] [add-listener] ok, tenant=, dataId=privilege-service-dev.yaml, group=DEFAULT_GROUP, cnt=1
2021-12-18 09:40:15.685 [main] INFO  com.alibaba.nacos.client.config.impl.ClientWorker - [fixed-117.78.0.176_8848] [subscribe] privilege-service.yaml+DEFAULT_GROUP
2021-12-18 09:40:15.685 [main] INFO  com.alibaba.nacos.client.config.impl.CacheData - [fixed-117.78.0.176_8848] [add-listener] ok, tenant=, dataId=privilege-service.yaml, group=DEFAULT_GROUP, cnt=1
2021-12-18 09:40:15.685 [main] INFO  com.alibaba.nacos.client.config.impl.ClientWorker - [fixed-117.78.0.176_8848] [subscribe] privilege-service+DEFAULT_GROUP
2021-12-18 09:40:15.685 [main] INFO  com.alibaba.nacos.client.config.impl.CacheData - [fixed-117.78.0.176_8848] [add-listener] ok, tenant=, dataId=privilege-service, group=DEFAULT_GROUP, cnt=1
2021-12-18 09:40:18.166 [RMI TCP Connection(9)-10.30.52.21] INFO  o.a.c.core.ContainerBase.[Tomcat].[localhost].[/] - Initializing Spring DispatcherServlet 'dispatcherServlet'
2021-12-18 09:40:18.166 [RMI TCP Connection(9)-10.30.52.21] INFO  org.springframework.web.servlet.DispatcherServlet - Initializing Servlet 'dispatcherServlet'
2021-12-18 09:40:18.168 [RMI TCP Connection(9)-10.30.52.21] INFO  org.springframework.web.servlet.DispatcherServlet - Completed initialization in 2 ms
2021-12-18 10:36:58.707 [background-preinit] INFO  org.hibernate.validator.internal.util.Version - HV000001: Hibernate Validator 6.1.7.Final
2021-12-18 10:37:00.037 [main] INFO  c.a.n.client.config.impl.LocalConfigInfoProcessor - LOCAL_SNAPSHOT_PATH:C:\Users\DELL\nacos\config
2021-12-18 10:37:00.062 [main] INFO  com.alibaba.nacos.client.config.impl.Limiter - limitTime:5.0
2021-12-18 10:37:00.184 [main] WARN  c.a.cloud.nacos.client.NacosPropertySourceBuilder - Ignore the empty nacos configuration and get it based on dataId[privilege-service] & group[DEFAULT_GROUP]
2021-12-18 10:37:00.236 [main] WARN  c.a.cloud.nacos.client.NacosPropertySourceBuilder - Ignore the empty nacos configuration and get it based on dataId[privilege-service.yaml] & group[DEFAULT_GROUP]
2021-12-18 10:37:00.289 [main] INFO  com.alibaba.nacos.client.config.utils.JvmUtil - isMultiInstance:false
2021-12-18 10:37:00.297 [main] INFO  o.s.c.b.c.PropertySourceBootstrapConfiguration - Located property source: [BootstrapPropertySource {name='bootstrapProperties-privilege-service-dev.yaml,DEFAULT_GROUP'}, BootstrapPropertySource {name='bootstrapProperties-privilege-service.yaml,DEFAULT_GROUP'}, BootstrapPropertySource {name='bootstrapProperties-privilege-service,DEFAULT_GROUP'}]
2021-12-18 10:37:00.302 [main] INFO  c.e.x.p.p.PrivilegeServiceApplication - The following profiles are active: dev
2021-12-18 10:37:01.475 [main] INFO  o.s.d.r.config.RepositoryConfigurationDelegate - Multiple Spring Data modules found, entering strict repository configuration mode!
2021-12-18 10:37:01.477 [main] INFO  o.s.d.r.config.RepositoryConfigurationDelegate - Bootstrapping Spring Data Redis repositories in DEFAULT mode.
2021-12-18 10:37:01.504 [main] INFO  o.s.d.r.config.RepositoryConfigurationDelegate - Finished Spring Data repository scanning in 15 ms. Found 0 Redis repository interfaces.
2021-12-18 10:37:01.695 [main] INFO  o.springframework.cloud.context.scope.GenericScope - BeanFactory id=5a27607c-88fe-3e01-99fc-f34e85bada08
2021-12-18 10:37:02.335 [main] INFO  o.s.boot.web.embedded.tomcat.TomcatWebServer - Tomcat initialized with port(s): 8096 (http)
2021-12-18 10:37:02.345 [main] INFO  org.apache.coyote.http11.Http11NioProtocol - Initializing ProtocolHandler ["http-nio-8096"]
2021-12-18 10:37:02.346 [main] INFO  org.apache.catalina.core.StandardService - Starting service [Tomcat]
2021-12-18 10:37:02.346 [main] INFO  org.apache.catalina.core.StandardEngine - Starting Servlet engine: [Apache Tomcat/9.0.54]
2021-12-18 10:37:02.627 [main] INFO  o.a.c.core.ContainerBase.[Tomcat].[localhost].[/] - Initializing Spring embedded WebApplicationContext
2021-12-18 10:37:02.627 [main] INFO  o.s.b.w.s.c.ServletWebServerApplicationContext - Root WebApplicationContext: initialization completed in 2308 ms
2021-12-18 10:37:03.167 [main] INFO  c.a.d.s.b.a.DruidDataSourceAutoConfigure - Init DruidDataSource
2021-12-18 10:37:03.272 [main] INFO  com.alibaba.druid.pool.DruidDataSource - {dataSource-1} inited
2021-12-18 10:37:07.065 [main] INFO  com.alibaba.nacos.client.naming - initializer namespace from System Property :null
2021-12-18 10:37:07.066 [main] INFO  com.alibaba.nacos.client.naming - initializer namespace from System Environment :null
2021-12-18 10:37:07.066 [main] INFO  com.alibaba.nacos.client.naming - initializer namespace from System Property :null
2021-12-18 10:37:07.234 [main] INFO  o.s.b.actuate.endpoint.web.EndpointLinksResolver - Exposing 2 endpoint(s) beneath base path '/actuator'
2021-12-18 10:37:09.005 [main] INFO  com.alibaba.nacos.client.naming - new ips(1) service: DEFAULT_GROUP@@privilege-service@@DEFAULT -> [{"instanceId":"192.168.199.1#8096#DEFAULT#DEFAULT_GROUP@@privilege-service","ip":"192.168.199.1","port":8096,"weight":1.0,"healthy":false,"enabled":true,"ephemeral":true,"clusterName":"DEFAULT","serviceName":"DEFAULT_GROUP@@privilege-service","metadata":{"preserved.register.source":"SPRING_CLOUD"},"ipDeleteTimeout":30000,"instanceHeartBeatInterval":5000,"instanceHeartBeatTimeOut":15000}]
2021-12-18 10:37:09.010 [main] INFO  com.alibaba.nacos.client.naming - current ips:(1) service: DEFAULT_GROUP@@privilege-service@@DEFAULT -> [{"instanceId":"192.168.199.1#8096#DEFAULT#DEFAULT_GROUP@@privilege-service","ip":"192.168.199.1","port":8096,"weight":1.0,"healthy":false,"enabled":true,"ephemeral":true,"clusterName":"DEFAULT","serviceName":"DEFAULT_GROUP@@privilege-service","metadata":{"preserved.register.source":"SPRING_CLOUD"},"ipDeleteTimeout":30000,"instanceHeartBeatInterval":5000,"instanceHeartBeatTimeOut":15000}]
2021-12-18 10:37:09.012 [main] INFO  org.apache.coyote.http11.Http11NioProtocol - Starting ProtocolHandler ["http-nio-8096"]
2021-12-18 10:37:09.028 [main] INFO  o.s.boot.web.embedded.tomcat.TomcatWebServer - Tomcat started on port(s): 8096 (http) with context path ''
2021-12-18 10:37:09.031 [main] INFO  com.alibaba.nacos.client.naming - [BEAT] adding beat: BeatInfo{port=8096, ip='192.168.199.1', weight=1.0, serviceName='DEFAULT_GROUP@@privilege-service', cluster='DEFAULT', metadata={preserved.register.source=SPRING_CLOUD}, scheduled=false, period=5000, stopped=false} to beat map.
2021-12-18 10:37:09.032 [main] INFO  com.alibaba.nacos.client.naming - [REGISTER-SERVICE] public registering service DEFAULT_GROUP@@privilege-service with instance: Instance{instanceId='null', ip='192.168.199.1', port=8096, weight=1.0, healthy=true, enabled=true, ephemeral=true, clusterName='DEFAULT', serviceName='null', metadata={preserved.register.source=SPRING_CLOUD}}
2021-12-18 10:37:09.084 [main] INFO  c.a.cloud.nacos.registry.NacosServiceRegistry - nacos registry, DEFAULT_GROUP privilege-service 192.168.199.1:8096 register finished
2021-12-18 10:37:10.066 [com.alibaba.nacos.client.naming.updater] INFO  com.alibaba.nacos.client.naming - [BEAT] adding beat: BeatInfo{port=8096, ip='192.168.199.1', weight=1.0, serviceName='DEFAULT_GROUP@@privilege-service', cluster='DEFAULT', metadata={preserved.register.source=SPRING_CLOUD}, scheduled=false, period=5000, stopped=false} to beat map.
2021-12-18 10:37:10.069 [com.alibaba.nacos.client.naming.updater] INFO  com.alibaba.nacos.client.naming - modified ips(1) service: DEFAULT_GROUP@@privilege-service@@DEFAULT -> [{"instanceId":"192.168.199.1#8096#DEFAULT#DEFAULT_GROUP@@privilege-service","ip":"192.168.199.1","port":8096,"weight":1.0,"healthy":true,"enabled":true,"ephemeral":true,"clusterName":"DEFAULT","serviceName":"DEFAULT_GROUP@@privilege-service","metadata":{"preserved.register.source":"SPRING_CLOUD"},"ipDeleteTimeout":30000,"instanceHeartBeatInterval":5000,"instanceHeartBeatTimeOut":15000}]
2021-12-18 10:37:10.070 [com.alibaba.nacos.client.naming.updater] INFO  com.alibaba.nacos.client.naming - current ips:(1) service: DEFAULT_GROUP@@privilege-service@@DEFAULT -> [{"instanceId":"192.168.199.1#8096#DEFAULT#DEFAULT_GROUP@@privilege-service","ip":"192.168.199.1","port":8096,"weight":1.0,"healthy":true,"enabled":true,"ephemeral":true,"clusterName":"DEFAULT","serviceName":"DEFAULT_GROUP@@privilege-service","metadata":{"preserved.register.source":"SPRING_CLOUD"},"ipDeleteTimeout":30000,"instanceHeartBeatInterval":5000,"instanceHeartBeatTimeOut":15000}]
2021-12-18 10:37:10.136 [main] WARN  s.d.s.r.operation.OperationImplicitParameterReader - Unable to interpret the implicit parameter configuration with dataType: String, dataTypeClass: class java.lang.Void
2021-12-18 10:37:10.140 [main] WARN  s.d.s.r.operation.OperationImplicitParameterReader - Unable to interpret the implicit parameter configuration with dataType: String, dataTypeClass: class java.lang.Void
2021-12-18 10:37:10.140 [main] WARN  s.d.s.r.operation.OperationImplicitParameterReader - Unable to interpret the implicit parameter configuration with dataType: String, dataTypeClass: class java.lang.Void
2021-12-18 10:37:10.158 [main] WARN  s.d.s.r.operation.OperationImplicitParameterReader - Unable to interpret the implicit parameter configuration with dataType: String, dataTypeClass: class java.lang.Void
2021-12-18 10:37:10.158 [main] WARN  s.d.s.r.operation.OperationImplicitParameterReader - Unable to interpret the implicit parameter configuration with dataType: int, dataTypeClass: class java.lang.Void
2021-12-18 10:37:10.159 [main] WARN  s.d.s.r.operation.OperationImplicitParameterReader - Unable to interpret the implicit parameter configuration with dataType: int, dataTypeClass: class java.lang.Void
2021-12-18 10:37:10.163 [main] WARN  s.d.s.r.operation.OperationImplicitParameterReader - Unable to interpret the implicit parameter configuration with dataType: String, dataTypeClass: class java.lang.Void
2021-12-18 10:37:10.164 [main] WARN  s.d.s.r.operation.OperationImplicitParameterReader - Unable to interpret the implicit parameter configuration with dataType: String, dataTypeClass: class java.lang.Void
2021-12-18 10:37:10.164 [main] WARN  s.d.s.r.operation.OperationImplicitParameterReader - Unable to interpret the implicit parameter configuration with dataType: String, dataTypeClass: class java.lang.Void
2021-12-18 10:37:10.164 [main] WARN  s.d.s.r.operation.OperationImplicitParameterReader - Unable to interpret the implicit parameter configuration with dataType: String, dataTypeClass: class java.lang.Void
2021-12-18 10:37:10.167 [main] WARN  s.d.s.r.operation.OperationImplicitParameterReader - Unable to interpret the implicit parameter configuration with dataType: String, dataTypeClass: class java.lang.Void
2021-12-18 10:37:10.168 [main] WARN  s.d.s.r.operation.OperationImplicitParameterReader - Unable to interpret the implicit parameter configuration with dataType: int, dataTypeClass: class java.lang.Void
2021-12-18 10:37:10.168 [main] WARN  s.d.s.r.operation.OperationImplicitParameterReader - Unable to interpret the implicit parameter configuration with dataType: int, dataTypeClass: class java.lang.Void
2021-12-18 10:37:10.168 [main] WARN  s.d.s.r.operation.OperationImplicitParameterReader - Unable to interpret the implicit parameter configuration with dataType: int, dataTypeClass: class java.lang.Void
2021-12-18 10:37:10.173 [main] WARN  s.d.s.r.operation.OperationImplicitParameterReader - Unable to interpret the implicit parameter configuration with dataType: String, dataTypeClass: class java.lang.Void
2021-12-18 10:37:10.178 [main] WARN  s.d.s.r.operation.OperationImplicitParameterReader - Unable to interpret the implicit parameter configuration with dataType: String, dataTypeClass: class java.lang.Void
2021-12-18 10:37:10.178 [main] WARN  s.d.s.r.operation.OperationImplicitParameterReader - Unable to interpret the implicit parameter configuration with dataType: int, dataTypeClass: class java.lang.Void
2021-12-18 10:37:10.181 [main] WARN  s.d.s.r.operation.OperationImplicitParameterReader - Unable to interpret the implicit parameter configuration with dataType: String, dataTypeClass: class java.lang.Void
2021-12-18 10:37:10.182 [main] WARN  s.d.s.r.operation.OperationImplicitParameterReader - Unable to interpret the implicit parameter configuration with dataType: int, dataTypeClass: class java.lang.Void
2021-12-18 10:37:10.182 [main] WARN  s.d.s.r.operation.OperationImplicitParameterReader - Unable to interpret the implicit parameter configuration with dataType: int, dataTypeClass: class java.lang.Void
2021-12-18 10:37:10.185 [main] WARN  s.d.s.r.operation.OperationImplicitParameterReader - Unable to interpret the implicit parameter configuration with dataType: String, dataTypeClass: class java.lang.Void
2021-12-18 10:37:10.185 [main] WARN  s.d.s.r.operation.OperationImplicitParameterReader - Unable to interpret the implicit parameter configuration with dataType: int, dataTypeClass: class java.lang.Void
2021-12-18 10:37:10.186 [main] WARN  s.d.s.r.operation.OperationImplicitParameterReader - Unable to interpret the implicit parameter configuration with dataType: int, dataTypeClass: class java.lang.Void
2021-12-18 10:37:10.189 [main] WARN  s.d.s.r.operation.OperationImplicitParameterReader - Unable to interpret the implicit parameter configuration with dataType: String, dataTypeClass: class java.lang.Void
2021-12-18 10:37:10.189 [main] WARN  s.d.s.r.operation.OperationImplicitParameterReader - Unable to interpret the implicit parameter configuration with dataType: int, dataTypeClass: class java.lang.Void
2021-12-18 10:37:10.190 [main] WARN  s.d.s.r.operation.OperationImplicitParameterReader - Unable to interpret the implicit parameter configuration with dataType: int, dataTypeClass: class java.lang.Void
2021-12-18 10:37:10.193 [main] WARN  s.d.s.r.operation.OperationImplicitParameterReader - Unable to interpret the implicit parameter configuration with dataType: String, dataTypeClass: class java.lang.Void
2021-12-18 10:37:10.193 [main] WARN  s.d.s.r.operation.OperationImplicitParameterReader - Unable to interpret the implicit parameter configuration with dataType: int, dataTypeClass: class java.lang.Void
2021-12-18 10:37:10.193 [main] WARN  s.d.s.r.operation.OperationImplicitParameterReader - Unable to interpret the implicit parameter configuration with dataType: int, dataTypeClass: class java.lang.Void
2021-12-18 10:37:10.197 [main] WARN  s.d.s.r.operation.OperationImplicitParameterReader - Unable to interpret the implicit parameter configuration with dataType: String, dataTypeClass: class java.lang.Void
2021-12-18 10:37:10.198 [main] WARN  s.d.s.r.operation.OperationImplicitParameterReader - Unable to interpret the implicit parameter configuration with dataType: GroupVo, dataTypeClass: class java.lang.Void
2021-12-18 10:37:10.198 [main] WARN  s.d.builders.BodyParameterSpecificationProvider - Parameter should either be a simple or a content type
2021-12-18 10:37:10.202 [main] WARN  s.d.s.r.operation.OperationImplicitParameterReader - Unable to interpret the implicit parameter configuration with dataType: String, dataTypeClass: class java.lang.Void
2021-12-18 10:37:10.203 [main] WARN  s.d.s.r.operation.OperationImplicitParameterReader - Unable to interpret the implicit parameter configuration with dataType: String, dataTypeClass: class java.lang.Void
2021-12-18 10:37:10.203 [main] WARN  s.d.s.r.operation.OperationImplicitParameterReader - Unable to interpret the implicit parameter configuration with dataType: String, dataTypeClass: class java.lang.Void
2021-12-18 10:37:10.204 [main] WARN  s.d.s.r.operation.OperationImplicitParameterReader - Unable to interpret the implicit parameter configuration with dataType: String, dataTypeClass: class java.lang.Void
2021-12-18 10:37:10.206 [main] WARN  s.d.s.r.operation.OperationImplicitParameterReader - Unable to interpret the implicit parameter configuration with dataType: String, dataTypeClass: class java.lang.Void
2021-12-18 10:37:10.207 [main] WARN  s.d.s.r.operation.OperationImplicitParameterReader - Unable to interpret the implicit parameter configuration with dataType: int, dataTypeClass: class java.lang.Void
2021-12-18 10:37:10.207 [main] WARN  s.d.s.r.operation.OperationImplicitParameterReader - Unable to interpret the implicit parameter configuration with dataType: int, dataTypeClass: class java.lang.Void
2021-12-18 10:37:10.207 [main] WARN  s.d.s.r.operation.OperationImplicitParameterReader - Unable to interpret the implicit parameter configuration with dataType: int, dataTypeClass: class java.lang.Void
2021-12-18 10:37:10.210 [main] WARN  s.d.s.r.operation.OperationImplicitParameterReader - Unable to interpret the implicit parameter configuration with dataType: String, dataTypeClass: class java.lang.Void
2021-12-18 10:37:10.252 [main] WARN  s.d.s.r.operation.OperationImplicitParameterReader - Unable to interpret the implicit parameter configuration with dataType: String, dataTypeClass: class java.lang.Void
2021-12-18 10:37:10.253 [main] WARN  s.d.s.r.operation.OperationImplicitParameterReader - Unable to interpret the implicit parameter configuration with dataType: Integer, dataTypeClass: class java.lang.Void
2021-12-18 10:37:10.256 [main] WARN  s.d.s.r.operation.OperationImplicitParameterReader - Unable to interpret the implicit parameter configuration with dataType: String, dataTypeClass: class java.lang.Void
2021-12-18 10:37:10.256 [main] WARN  s.d.s.r.operation.OperationImplicitParameterReader - Unable to interpret the implicit parameter configuration with dataType: Integer, dataTypeClass: class java.lang.Void
2021-12-18 10:37:10.256 [main] WARN  s.d.s.r.operation.OperationImplicitParameterReader - Unable to interpret the implicit parameter configuration with dataType: Integer, dataTypeClass: class java.lang.Void
2021-12-18 10:37:10.259 [main] WARN  s.d.s.r.operation.OperationImplicitParameterReader - Unable to interpret the implicit parameter configuration with dataType: String, dataTypeClass: class java.lang.Void
2021-12-18 10:37:10.260 [main] WARN  s.d.s.r.operation.OperationImplicitParameterReader - Unable to interpret the implicit parameter configuration with dataType: Integer, dataTypeClass: class java.lang.Void
2021-12-18 10:37:10.260 [main] WARN  s.d.s.r.operation.OperationImplicitParameterReader - Unable to interpret the implicit parameter configuration with dataType: Integer, dataTypeClass: class java.lang.Void
2021-12-18 10:37:10.266 [main] WARN  s.d.s.r.operation.OperationImplicitParameterReader - Unable to interpret the implicit parameter configuration with dataType: String, dataTypeClass: class java.lang.Void
2021-12-18 10:37:10.267 [main] WARN  s.d.s.r.operation.OperationImplicitParameterReader - Unable to interpret the implicit parameter configuration with dataType: Integer, dataTypeClass: class java.lang.Void
2021-12-18 10:37:10.267 [main] WARN  s.d.s.r.operation.OperationImplicitParameterReader - Unable to interpret the implicit parameter configuration with dataType: Integer, dataTypeClass: class java.lang.Void
2021-12-18 10:37:10.270 [main] WARN  s.d.s.r.operation.OperationImplicitParameterReader - Unable to interpret the implicit parameter configuration with dataType: String, dataTypeClass: class java.lang.Void
2021-12-18 10:37:10.271 [main] WARN  s.d.s.r.operation.OperationImplicitParameterReader - Unable to interpret the implicit parameter configuration with dataType: String, dataTypeClass: class java.lang.Void
2021-12-18 10:37:10.271 [main] WARN  s.d.s.r.operation.OperationImplicitParameterReader - Unable to interpret the implicit parameter configuration with dataType: String, dataTypeClass: class java.lang.Void
2021-12-18 10:37:10.271 [main] WARN  s.d.s.r.operation.OperationImplicitParameterReader - Unable to interpret the implicit parameter configuration with dataType: String, dataTypeClass: class java.lang.Void
2021-12-18 10:37:10.274 [main] WARN  s.d.s.r.operation.OperationImplicitParameterReader - Unable to interpret the implicit parameter configuration with dataType: String, dataTypeClass: class java.lang.Void
2021-12-18 10:37:10.274 [main] WARN  s.d.s.r.operation.OperationImplicitParameterReader - Unable to interpret the implicit parameter configuration with dataType: Integer, dataTypeClass: class java.lang.Void
2021-12-18 10:37:10.275 [main] WARN  s.d.s.r.operation.OperationImplicitParameterReader - Unable to interpret the implicit parameter configuration with dataType: Integer, dataTypeClass: class java.lang.Void
2021-12-18 10:37:10.282 [main] WARN  s.d.s.r.operation.OperationImplicitParameterReader - Unable to interpret the implicit parameter configuration with dataType: String, dataTypeClass: class java.lang.Void
2021-12-18 10:37:10.282 [main] WARN  s.d.s.r.operation.OperationImplicitParameterReader - Unable to interpret the implicit parameter configuration with dataType: Integer, dataTypeClass: class java.lang.Void
2021-12-18 10:37:10.282 [main] WARN  s.d.s.r.operation.OperationImplicitParameterReader - Unable to interpret the implicit parameter configuration with dataType: Integer, dataTypeClass: class java.lang.Void
2021-12-18 10:37:10.283 [main] WARN  s.d.s.r.operation.OperationImplicitParameterReader - Unable to interpret the implicit parameter configuration with dataType: Boolean, dataTypeClass: class java.lang.Void
2021-12-18 10:37:10.283 [main] WARN  s.d.builders.BodyParameterSpecificationProvider - Parameter should either be a simple or a content type
2021-12-18 10:37:10.286 [main] WARN  s.d.s.r.operation.OperationImplicitParameterReader - Unable to interpret the implicit parameter configuration with dataType: String, dataTypeClass: class java.lang.Void
2021-12-18 10:37:10.286 [main] WARN  s.d.s.r.operation.OperationImplicitParameterReader - Unable to interpret the implicit parameter configuration with dataType: Integer, dataTypeClass: class java.lang.Void
2021-12-18 10:37:10.286 [main] WARN  s.d.s.r.operation.OperationImplicitParameterReader - Unable to interpret the implicit parameter configuration with dataType: Integer, dataTypeClass: class java.lang.Void
2021-12-18 10:37:10.286 [main] WARN  s.d.s.r.operation.OperationImplicitParameterReader - Unable to interpret the implicit parameter configuration with dataType: Integer, dataTypeClass: class java.lang.Void
2021-12-18 10:37:10.290 [main] WARN  s.d.s.r.operation.OperationImplicitParameterReader - Unable to interpret the implicit parameter configuration with dataType: String, dataTypeClass: class java.lang.Void
2021-12-18 10:37:10.290 [main] WARN  s.d.s.r.operation.OperationImplicitParameterReader - Unable to interpret the implicit parameter configuration with dataType: String, dataTypeClass: class java.lang.Void
2021-12-18 10:37:10.293 [main] WARN  s.d.s.r.operation.OperationImplicitParameterReader - Unable to interpret the implicit parameter configuration with dataType: String, dataTypeClass: class java.lang.Void
2021-12-18 10:37:10.294 [main] WARN  s.d.s.r.operation.OperationImplicitParameterReader - Unable to interpret the implicit parameter configuration with dataType: Integer, dataTypeClass: class java.lang.Void
2021-12-18 10:37:10.294 [main] WARN  s.d.s.r.operation.OperationImplicitParameterReader - Unable to interpret the implicit parameter configuration with dataType: Integer, dataTypeClass: class java.lang.Void
2021-12-18 10:37:10.294 [main] WARN  s.d.s.r.operation.OperationImplicitParameterReader - Unable to interpret the implicit parameter configuration with dataType: Integer, dataTypeClass: class java.lang.Void
2021-12-18 10:37:10.299 [main] WARN  s.d.s.r.operation.OperationImplicitParameterReader - Unable to interpret the implicit parameter configuration with dataType: String, dataTypeClass: class java.lang.Void
2021-12-18 10:37:10.300 [main] WARN  s.d.s.r.operation.OperationImplicitParameterReader - Unable to interpret the implicit parameter configuration with dataType: String, dataTypeClass: class java.lang.Void
2021-12-18 10:37:10.300 [main] WARN  s.d.s.r.operation.OperationImplicitParameterReader - Unable to interpret the implicit parameter configuration with dataType: String, dataTypeClass: class java.lang.Void
2021-12-18 10:37:10.300 [main] WARN  s.d.s.r.operation.OperationImplicitParameterReader - Unable to interpret the implicit parameter configuration with dataType: String, dataTypeClass: class java.lang.Void
2021-12-18 10:37:10.303 [main] WARN  s.d.s.r.operation.OperationImplicitParameterReader - Unable to interpret the implicit parameter configuration with dataType: String, dataTypeClass: class java.lang.Void
2021-12-18 10:37:10.303 [main] WARN  s.d.s.r.operation.OperationImplicitParameterReader - Unable to interpret the implicit parameter configuration with dataType: int, dataTypeClass: class java.lang.Void
2021-12-18 10:37:10.304 [main] WARN  s.d.s.r.operation.OperationImplicitParameterReader - Unable to interpret the implicit parameter configuration with dataType: int, dataTypeClass: class java.lang.Void
2021-12-18 10:37:10.306 [main] WARN  s.d.s.r.operation.OperationImplicitParameterReader - Unable to interpret the implicit parameter configuration with dataType: String, dataTypeClass: class java.lang.Void
2021-12-18 10:37:10.306 [main] WARN  s.d.s.r.operation.OperationImplicitParameterReader - Unable to interpret the implicit parameter configuration with dataType: Integer, dataTypeClass: class java.lang.Void
2021-12-18 10:37:10.309 [main] WARN  s.d.s.r.operation.OperationImplicitParameterReader - Unable to interpret the implicit parameter configuration with dataType: String, dataTypeClass: class java.lang.Void
2021-12-18 10:37:10.309 [main] WARN  s.d.s.r.operation.OperationImplicitParameterReader - Unable to interpret the implicit parameter configuration with dataType: int, dataTypeClass: class java.lang.Void
2021-12-18 10:37:10.309 [main] WARN  s.d.s.r.operation.OperationImplicitParameterReader - Unable to interpret the implicit parameter configuration with dataType: int, dataTypeClass: class java.lang.Void
2021-12-18 10:37:10.312 [main] WARN  s.d.s.r.operation.OperationImplicitParameterReader - Unable to interpret the implicit parameter configuration with dataType: String, dataTypeClass: class java.lang.Void
2021-12-18 10:37:10.312 [main] WARN  s.d.s.r.operation.OperationImplicitParameterReader - Unable to interpret the implicit parameter configuration with dataType: Integer, dataTypeClass: class java.lang.Void
2021-12-18 10:37:10.316 [main] WARN  s.d.s.r.operation.OperationImplicitParameterReader - Unable to interpret the implicit parameter configuration with dataType: String, dataTypeClass: class java.lang.Void
2021-12-18 10:37:10.317 [main] WARN  s.d.s.r.operation.OperationImplicitParameterReader - Unable to interpret the implicit parameter configuration with dataType: String, dataTypeClass: class java.lang.Void
2021-12-18 10:37:10.317 [main] WARN  s.d.s.r.operation.OperationImplicitParameterReader - Unable to interpret the implicit parameter configuration with dataType: String, dataTypeClass: class java.lang.Void
2021-12-18 10:37:10.318 [main] WARN  s.d.s.r.operation.OperationImplicitParameterReader - Unable to interpret the implicit parameter configuration with dataType: Integer, dataTypeClass: class java.lang.Void
2021-12-18 10:37:10.319 [main] WARN  s.d.s.r.operation.OperationImplicitParameterReader - Unable to interpret the implicit parameter configuration with dataType: Integer, dataTypeClass: class java.lang.Void
2021-12-18 10:37:10.323 [main] WARN  s.d.s.r.operation.OperationImplicitParameterReader - Unable to interpret the implicit parameter configuration with dataType: String, dataTypeClass: class java.lang.Void
2021-12-18 10:37:10.324 [main] WARN  s.d.s.r.operation.OperationImplicitParameterReader - Unable to interpret the implicit parameter configuration with dataType: String, dataTypeClass: class java.lang.Void
2021-12-18 10:37:10.324 [main] WARN  s.d.s.r.operation.OperationImplicitParameterReader - Unable to interpret the implicit parameter configuration with dataType: String, dataTypeClass: class java.lang.Void
2021-12-18 10:37:10.324 [main] WARN  s.d.s.r.operation.OperationImplicitParameterReader - Unable to interpret the implicit parameter configuration with dataType: Integer, dataTypeClass: class java.lang.Void
2021-12-18 10:37:10.324 [main] WARN  s.d.s.r.operation.OperationImplicitParameterReader - Unable to interpret the implicit parameter configuration with dataType: Integer, dataTypeClass: class java.lang.Void
2021-12-18 10:37:10.327 [main] WARN  s.d.s.r.operation.OperationImplicitParameterReader - Unable to interpret the implicit parameter configuration with dataType: String, dataTypeClass: class java.lang.Void
2021-12-18 10:37:10.327 [main] WARN  s.d.s.r.operation.OperationImplicitParameterReader - Unable to interpret the implicit parameter configuration with dataType: String, dataTypeClass: class java.lang.Void
2021-12-18 10:37:10.328 [main] WARN  s.d.s.r.operation.OperationImplicitParameterReader - Unable to interpret the implicit parameter configuration with dataType: String, dataTypeClass: class java.lang.Void
2021-12-18 10:37:10.328 [main] WARN  s.d.s.r.operation.OperationImplicitParameterReader - Unable to interpret the implicit parameter configuration with dataType: Integer, dataTypeClass: class java.lang.Void
2021-12-18 10:37:10.328 [main] WARN  s.d.s.r.operation.OperationImplicitParameterReader - Unable to interpret the implicit parameter configuration with dataType: Integer, dataTypeClass: class java.lang.Void
2021-12-18 10:37:10.332 [main] WARN  s.d.s.r.operation.OperationImplicitParameterReader - Unable to interpret the implicit parameter configuration with dataType: String, dataTypeClass: class java.lang.Void
2021-12-18 10:37:10.332 [main] WARN  s.d.s.r.operation.OperationImplicitParameterReader - Unable to interpret the implicit parameter configuration with dataType: Integer, dataTypeClass: class java.lang.Void
2021-12-18 10:37:10.332 [main] WARN  s.d.s.r.operation.OperationImplicitParameterReader - Unable to interpret the implicit parameter configuration with dataType: String, dataTypeClass: class java.lang.Void
2021-12-18 10:37:10.333 [main] WARN  s.d.s.r.operation.OperationImplicitParameterReader - Unable to interpret the implicit parameter configuration with dataType: Integer, dataTypeClass: class java.lang.Void
2021-12-18 10:37:10.342 [main] WARN  s.d.s.r.operation.OperationImplicitParameterReader - Unable to interpret the implicit parameter configuration with dataType: String, dataTypeClass: class java.lang.Void
2021-12-18 10:37:10.342 [main] WARN  s.d.s.r.operation.OperationImplicitParameterReader - Unable to interpret the implicit parameter configuration with dataType: RoleVo, dataTypeClass: class java.lang.Void
2021-12-18 10:37:10.342 [main] WARN  s.d.builders.BodyParameterSpecificationProvider - Parameter should either be a simple or a content type
2021-12-18 10:37:10.347 [main] WARN  s.d.s.r.operation.OperationImplicitParameterReader - Unable to interpret the implicit parameter configuration with dataType: String, dataTypeClass: class java.lang.Void
2021-12-18 10:37:10.347 [main] WARN  s.d.s.r.operation.OperationImplicitParameterReader - Unable to interpret the implicit parameter configuration with dataType: RoleVo, dataTypeClass: class java.lang.Void
2021-12-18 10:37:10.347 [main] WARN  s.d.builders.BodyParameterSpecificationProvider - Parameter should either be a simple or a content type
2021-12-18 10:37:10.367 [main] WARN  s.d.s.r.operation.OperationImplicitParameterReader - Unable to interpret the implicit parameter configuration with dataType: String, dataTypeClass: class java.lang.Void
2021-12-18 10:37:10.367 [main] WARN  s.d.s.r.operation.OperationImplicitParameterReader - Unable to interpret the implicit parameter configuration with dataType: Integer, dataTypeClass: class java.lang.Void
2021-12-18 10:37:10.380 [main] WARN  s.d.s.r.operation.OperationImplicitParameterReader - Unable to interpret the implicit parameter configuration with dataType: NewUserVo, dataTypeClass: class java.lang.Void
2021-12-18 10:37:10.380 [main] WARN  s.d.builders.BodyParameterSpecificationProvider - Parameter should either be a simple or a content type
2021-12-18 10:37:10.382 [main] WARN  s.d.s.r.operation.OperationImplicitParameterReader - Unable to interpret the implicit parameter configuration with dataType: String, dataTypeClass: class java.lang.Void
2021-12-18 10:37:10.383 [main] WARN  s.d.s.r.operation.OperationImplicitParameterReader - Unable to interpret the implicit parameter configuration with dataType: int, dataTypeClass: class java.lang.Void
2021-12-18 10:37:10.383 [main] WARN  s.d.s.r.operation.OperationImplicitParameterReader - Unable to interpret the implicit parameter configuration with dataType: int, dataTypeClass: class java.lang.Void
2021-12-18 10:37:10.385 [main] WARN  s.d.s.r.operation.OperationImplicitParameterReader - Unable to interpret the implicit parameter configuration with dataType: String, dataTypeClass: class java.lang.Void
2021-12-18 10:37:10.386 [main] WARN  s.d.s.r.operation.OperationImplicitParameterReader - Unable to interpret the implicit parameter configuration with dataType: Integer, dataTypeClass: class java.lang.Void
2021-12-18 10:37:10.395 [main] WARN  s.d.s.r.operation.OperationImplicitParameterReader - Unable to interpret the implicit parameter configuration with dataType: String, dataTypeClass: class java.lang.Void
2021-12-18 10:37:10.395 [main] WARN  s.d.s.r.operation.OperationImplicitParameterReader - Unable to interpret the implicit parameter configuration with dataType: Integer, dataTypeClass: class java.lang.Void
2021-12-18 10:37:10.395 [main] WARN  s.d.s.r.operation.OperationImplicitParameterReader - Unable to interpret the implicit parameter configuration with dataType: Integer, dataTypeClass: class java.lang.Void
2021-12-18 10:37:10.396 [main] WARN  s.d.s.r.operation.OperationImplicitParameterReader - Unable to interpret the implicit parameter configuration with dataType: Integer, dataTypeClass: class java.lang.Void
2021-12-18 10:37:10.398 [main] WARN  s.d.s.r.operation.OperationImplicitParameterReader - Unable to interpret the implicit parameter configuration with dataType: String, dataTypeClass: class java.lang.Void
2021-12-18 10:37:10.398 [main] WARN  s.d.s.r.operation.OperationImplicitParameterReader - Unable to interpret the implicit parameter configuration with dataType: int, dataTypeClass: class java.lang.Void
2021-12-18 10:37:10.399 [main] WARN  s.d.s.r.operation.OperationImplicitParameterReader - Unable to interpret the implicit parameter configuration with dataType: int, dataTypeClass: class java.lang.Void
2021-12-18 10:37:10.399 [main] WARN  s.d.s.r.operation.OperationImplicitParameterReader - Unable to interpret the implicit parameter configuration with dataType: int, dataTypeClass: class java.lang.Void
2021-12-18 10:37:10.401 [main] WARN  s.d.s.r.operation.OperationImplicitParameterReader - Unable to interpret the implicit parameter configuration with dataType: String, dataTypeClass: class java.lang.Void
2021-12-18 10:37:10.402 [main] WARN  s.d.s.r.operation.OperationImplicitParameterReader - Unable to interpret the implicit parameter configuration with dataType: int, dataTypeClass: class java.lang.Void
2021-12-18 10:37:10.402 [main] WARN  s.d.s.r.operation.OperationImplicitParameterReader - Unable to interpret the implicit parameter configuration with dataType: int, dataTypeClass: class java.lang.Void
2021-12-18 10:37:10.402 [main] WARN  s.d.s.r.operation.OperationImplicitParameterReader - Unable to interpret the implicit parameter configuration with dataType: int, dataTypeClass: class java.lang.Void
2021-12-18 10:37:10.404 [main] WARN  s.d.s.r.operation.OperationImplicitParameterReader - Unable to interpret the implicit parameter configuration with dataType: String, dataTypeClass: class java.lang.Void
2021-12-18 10:37:10.405 [main] WARN  s.d.s.r.operation.OperationImplicitParameterReader - Unable to interpret the implicit parameter configuration with dataType: int, dataTypeClass: class java.lang.Void
2021-12-18 10:37:10.405 [main] WARN  s.d.s.r.operation.OperationImplicitParameterReader - Unable to interpret the implicit parameter configuration with dataType: int, dataTypeClass: class java.lang.Void
2021-12-18 10:37:10.405 [main] WARN  s.d.s.r.operation.OperationImplicitParameterReader - Unable to interpret the implicit parameter configuration with dataType: int, dataTypeClass: class java.lang.Void
2021-12-18 10:37:10.405 [main] WARN  s.d.s.r.operation.OperationImplicitParameterReader - Unable to interpret the implicit parameter configuration with dataType: int, dataTypeClass: class java.lang.Void
2021-12-18 10:37:10.408 [main] WARN  s.d.s.r.operation.OperationImplicitParameterReader - Unable to interpret the implicit parameter configuration with dataType: String, dataTypeClass: class java.lang.Void
2021-12-18 10:37:10.408 [main] WARN  s.d.s.r.operation.OperationImplicitParameterReader - Unable to interpret the implicit parameter configuration with dataType: int, dataTypeClass: class java.lang.Void
2021-12-18 10:37:10.409 [main] WARN  s.d.s.r.operation.OperationImplicitParameterReader - Unable to interpret the implicit parameter configuration with dataType: int, dataTypeClass: class java.lang.Void
2021-12-18 10:37:10.411 [main] WARN  s.d.s.r.operation.OperationImplicitParameterReader - Unable to interpret the implicit parameter configuration with dataType: String, dataTypeClass: class java.lang.Void
2021-12-18 10:37:10.411 [main] WARN  s.d.s.r.operation.OperationImplicitParameterReader - Unable to interpret the implicit parameter configuration with dataType: int, dataTypeClass: class java.lang.Void
2021-12-18 10:37:10.411 [main] WARN  s.d.s.r.operation.OperationImplicitParameterReader - Unable to interpret the implicit parameter configuration with dataType: int, dataTypeClass: class java.lang.Void
2021-12-18 10:37:10.414 [main] WARN  s.d.s.r.operation.OperationImplicitParameterReader - Unable to interpret the implicit parameter configuration with dataType: String, dataTypeClass: class java.lang.Void
2021-12-18 10:37:10.414 [main] WARN  s.d.s.r.operation.OperationImplicitParameterReader - Unable to interpret the implicit parameter configuration with dataType: int, dataTypeClass: class java.lang.Void
2021-12-18 10:37:10.414 [main] WARN  s.d.s.r.operation.OperationImplicitParameterReader - Unable to interpret the implicit parameter configuration with dataType: int, dataTypeClass: class java.lang.Void
2021-12-18 10:37:10.414 [main] WARN  s.d.s.r.operation.OperationImplicitParameterReader - Unable to interpret the implicit parameter configuration with dataType: int, dataTypeClass: class java.lang.Void
2021-12-18 10:37:10.414 [main] WARN  s.d.s.r.operation.OperationImplicitParameterReader - Unable to interpret the implicit parameter configuration with dataType: int, dataTypeClass: class java.lang.Void
2021-12-18 10:37:10.432 [main] WARN  s.d.s.r.operation.OperationImplicitParameterReader - Unable to interpret the implicit parameter configuration with dataType: String, dataTypeClass: class java.lang.Void
2021-12-18 10:37:10.432 [main] WARN  s.d.s.r.operation.OperationImplicitParameterReader - Unable to interpret the implicit parameter configuration with dataType: int, dataTypeClass: class java.lang.Void
2021-12-18 10:37:10.432 [main] WARN  s.d.s.r.operation.OperationImplicitParameterReader - Unable to interpret the implicit parameter configuration with dataType: int, dataTypeClass: class java.lang.Void
2021-12-18 10:37:10.432 [main] WARN  s.d.s.r.operation.OperationImplicitParameterReader - Unable to interpret the implicit parameter configuration with dataType: RoleVo, dataTypeClass: class java.lang.Void
2021-12-18 10:37:10.433 [main] WARN  s.d.builders.BodyParameterSpecificationProvider - Parameter should either be a simple or a content type
2021-12-18 10:37:10.469 [main] INFO  c.e.x.p.p.PrivilegeServiceApplication - Started PrivilegeServiceApplication in 13.498 seconds (JVM running for 16.159)
2021-12-18 10:37:10.476 [main] INFO  com.alibaba.nacos.client.config.impl.ClientWorker - [fixed-117.78.0.176_8848] [subscribe] privilege-service-dev.yaml+DEFAULT_GROUP
2021-12-18 10:37:10.477 [main] INFO  com.alibaba.nacos.client.config.impl.CacheData - [fixed-117.78.0.176_8848] [add-listener] ok, tenant=, dataId=privilege-service-dev.yaml, group=DEFAULT_GROUP, cnt=1
2021-12-18 10:37:10.477 [main] INFO  com.alibaba.nacos.client.config.impl.ClientWorker - [fixed-117.78.0.176_8848] [subscribe] privilege-service.yaml+DEFAULT_GROUP
2021-12-18 10:37:10.477 [main] INFO  com.alibaba.nacos.client.config.impl.CacheData - [fixed-117.78.0.176_8848] [add-listener] ok, tenant=, dataId=privilege-service.yaml, group=DEFAULT_GROUP, cnt=1
2021-12-18 10:37:10.477 [main] INFO  com.alibaba.nacos.client.config.impl.ClientWorker - [fixed-117.78.0.176_8848] [subscribe] privilege-service+DEFAULT_GROUP
2021-12-18 10:37:10.478 [main] INFO  com.alibaba.nacos.client.config.impl.CacheData - [fixed-117.78.0.176_8848] [add-listener] ok, tenant=, dataId=privilege-service, group=DEFAULT_GROUP, cnt=1
2021-12-18 10:37:12.160 [RMI TCP Connection(3)-10.30.52.21] INFO  o.a.c.core.ContainerBase.[Tomcat].[localhost].[/] - Initializing Spring DispatcherServlet 'dispatcherServlet'
2021-12-18 10:37:12.160 [RMI TCP Connection(3)-10.30.52.21] INFO  org.springframework.web.servlet.DispatcherServlet - Initializing Servlet 'dispatcherServlet'
2021-12-18 10:37:12.163 [RMI TCP Connection(3)-10.30.52.21] INFO  org.springframework.web.servlet.DispatcherServlet - Completed initialization in 1 ms
